#
# There is insufficient memory for the Java Runtime Environment to continue.
# Native memory allocation (malloc) failed to allocate 32744 bytes for ChunkPool::allocate
# Possible reasons:
#   The system is out of physical RAM or swap space
#   The process is running with CompressedOops enabled, and the Java Heap may be blocking the growth of the native heap
# Possible solutions:
#   Reduce memory load on the system
#   Increase physical memory or swap space
#   Check if swap backing store is full
#   Decrease Java heap size (-Xmx/-Xms)
#   Decrease number of Java threads
#   Decrease Java thread stack sizes (-Xss)
#   Set larger code cache with -XX:ReservedCodeCacheSize=
#   JVM is running with Zero Based Compressed Oops mode in which the Java heap is
#     placed in the first 32GB address space. The Java Heap base address is the
#     maximum limit for the native heap growth. Please use -XX:HeapBaseMinAddress
#     to set the Java Heap base and to place the Java Heap above 32GB virtual address.
# This output file may be truncated or incomplete.
#
#  Out of Memory Error (allocation.cpp:272), pid=9964, tid=0x0000000000006cb4
#
# JRE version: OpenJDK Runtime Environment (8.0_265-b01) (build 1.8.0_265-b01)
# Java VM: OpenJDK 64-Bit Server VM (25.265-b01 mixed mode windows-amd64 compressed oops)
# Failed to write core dump. Minidumps are not enabled by default on client versions of Windows
#

---------------  T H R E A D  ---------------

Current thread (0x000000001ddf3800):  JavaThread "C2 CompilerThread0" daemon [_thread_in_native, id=27828, stack(0x000000001e4a0000,0x000000001e5a0000)]

Stack: [0x000000001e4a0000,0x000000001e5a0000]
[error occurred during error reporting (printing stack bounds), id 0xc0000005]

Native frames: (J=compiled Java code, j=interpreted, Vv=VM code, C=native code)


Current CompileTask:
C2:   9475 5059   !   4       lombok.javac.JavacAST::drill (146 bytes)


---------------  P R O C E S S  ---------------

Java Threads: ( => current thread )
  0x000000001de9b800 JavaThread "Service Thread" daemon [_thread_blocked, id=18748, stack(0x000000001e7a0000,0x000000001e8a0000)]
  0x000000001ddfa000 JavaThread "C1 CompilerThread2" daemon [_thread_in_native, id=29488, stack(0x000000001e6a0000,0x000000001e7a0000)]
  0x000000001ddf9800 JavaThread "C2 CompilerThread1" daemon [_thread_in_native, id=10660, stack(0x000000001e5a0000,0x000000001e6a0000)]
=>0x000000001ddf3800 JavaThread "C2 CompilerThread0" daemon [_thread_in_native, id=27828, stack(0x000000001e4a0000,0x000000001e5a0000)]
  0x000000001ddf1800 JavaThread "Monitor Ctrl-Break" daemon [_thread_in_native, id=28456, stack(0x000000001e3a0000,0x000000001e4a0000)]
  0x000000001ca2f000 JavaThread "Attach Listener" daemon [_thread_blocked, id=22820, stack(0x000000001e2a0000,0x000000001e3a0000)]
  0x000000001ca3e000 JavaThread "Signal Dispatcher" daemon [_thread_blocked, id=14436, stack(0x000000001e1a0000,0x000000001e2a0000)]
  0x00000000033dc800 JavaThread "Finalizer" daemon [_thread_blocked, id=27728, stack(0x000000001dc40000,0x000000001dd40000)]
  0x00000000033d3000 JavaThread "Reference Handler" daemon [_thread_blocked, id=18028, stack(0x000000001db40000,0x000000001dc40000)]
  0x00000000032e2800 JavaThread "main" [_thread_in_vm, id=28128, stack(0x0000000002d00000,0x0000000002e00000)]

Other Threads:
  0x000000001c9a7000 VMThread [stack: 0x000000001da40000,0x000000001db40000] [id=29216]
  0x000000001de9d800 WatcherThread [stack: 0x000000001e8a0000,0x000000001e9a0000] [id=23496]

VM state:not at safepoint (normal execution)

VM Mutex/Monitor currently owned by a thread: None

heap address: 0x00000006c2600000, size: 4058 MB, Compressed Oops mode: Zero based, Oop shift amount: 3
Narrow klass base: 0x0000000000000000, Narrow klass shift: 3
Compressed class space size: 1073741824 Address: 0x00000007c0000000

Heap:
 PSYoungGen      total 210432K, used 62327K [0x000000076b780000, 0x000000077de80000, 0x00000007c0000000)
  eden space 189440K, 21% used [0x000000076b780000,0x000000076dfe0e38,0x0000000777080000)
  from space 20992K, 99% used [0x000000077ca00000,0x000000077de7d0f0,0x000000077de80000)
  to   space 26112K, 0% used [0x000000077ab80000,0x000000077ab80000,0x000000077c500000)
 ParOldGen       total 135680K, used 31378K [0x00000006c2600000, 0x00000006caa80000, 0x000000076b780000)
  object space 135680K, 23% used [0x00000006c2600000,0x00000006c44a4858,0x00000006caa80000)
 Metaspace       used 25233K, capacity 25898K, committed 26112K, reserved 1073152K
  class space    used 2857K, capacity 3018K, committed 3072K, reserved 1048576K

Card table byte_map: [0x00000000127f0000,0x0000000012fe0000] byte_map_base: 0x000000000f1dd000

Marking Bits: (ParMarkBitMap*) 0x0000000061038810
 Begin Bits: [0x0000000013930000, 0x0000000017898000)
 End Bits:   [0x0000000017898000, 0x000000001b800000)

Polling page: 0x0000000001060000

CodeCache: size=245760Kb used=16654Kb max_used=16654Kb free=229105Kb
 bounds [0x0000000003430000, 0x0000000004490000, 0x0000000012430000]
 total_blobs=5017 nmethods=4592 adapters=337
 compilation: enabled

Compilation events (10 events):
Event: 9.307 Thread 0x000000001ddfa000 nmethod 5151 0x0000000004485ad0 code [0x0000000004485c40, 0x0000000004485da8]
Event: 9.338 Thread 0x000000001ddfa000 5152       2       java.net.URI::<init> (53 bytes)
Event: 9.339 Thread 0x000000001ddfa000 nmethod 5152 0x0000000004485e50 code [0x0000000004485fc0, 0x00000000044862c8]
Event: 9.391 Thread 0x000000001ddfa000 5153       2       sun.misc.ProxyGenerator::getFieldType (65 bytes)
Event: 9.392 Thread 0x000000001ddfa000 nmethod 5153 0x0000000004486390 code [0x0000000004486580, 0x0000000004486ac8]
Event: 9.392 Thread 0x000000001ddfa000 5154       2       java.lang.Class::getMethod0 (40 bytes)
Event: 9.392 Thread 0x000000001ddfa000 nmethod 5154 0x0000000004486e50 code [0x0000000004486fe0, 0x0000000004487258]
Event: 9.448 Thread 0x000000001ddfa000 5155       1       lombok.javac.JavacTreeMaker$MethodId::access$2 (5 bytes)
Event: 9.448 Thread 0x000000001ddfa000 nmethod 5155 0x0000000004487390 code [0x00000000044874e0, 0x00000000044875d0]
Event: 9.465 Thread 0x000000001ddfa000 5156       2       lombok.javac.handlers.JavacHandlerUtil::typeMatches (132 bytes)

GC Heap History (10 events):
Event: 4.854 GC heap before
{Heap before GC invocations=3 (full 0):
 PSYoungGen      total 75776K, used 75757K [0x000000076b780000, 0x0000000770c00000, 0x00000007c0000000)
  eden space 65024K, 100% used [0x000000076b780000,0x000000076f700000,0x000000076f700000)
  from space 10752K, 99% used [0x0000000770180000,0x0000000770bfb5c0,0x0000000770c00000)
  to   space 10752K, 0% used [0x000000076f700000,0x000000076f700000,0x0000000770180000)
 ParOldGen       total 173568K, used 958K [0x00000006c2600000, 0x00000006ccf80000, 0x000000076b780000)
  object space 173568K, 0% used [0x00000006c2600000,0x00000006c26ef838,0x00000006ccf80000)
 Metaspace       used 16724K, capacity 17110K, committed 17536K, reserved 1064960K
  class space    used 1937K, capacity 2050K, committed 2176K, reserved 1048576K
Event: 4.866 GC heap after
Heap after GC invocations=3 (full 0):
 PSYoungGen      total 75776K, used 10744K [0x000000076b780000, 0x0000000774b80000, 0x00000007c0000000)
  eden space 65024K, 0% used [0x000000076b780000,0x000000076b780000,0x000000076f700000)
  from space 10752K, 99% used [0x000000076f700000,0x000000077017e070,0x0000000770180000)
  to   space 10752K, 0% used [0x0000000774100000,0x0000000774100000,0x0000000774b80000)
 ParOldGen       total 173568K, used 6179K [0x00000006c2600000, 0x00000006ccf80000, 0x000000076b780000)
  object space 173568K, 3% used [0x00000006c2600000,0x00000006c2c08f58,0x00000006ccf80000)
 Metaspace       used 16724K, capacity 17110K, committed 17536K, reserved 1064960K
  class space    used 1937K, capacity 2050K, committed 2176K, reserved 1048576K
}
Event: 5.417 GC heap before
{Heap before GC invocations=4 (full 0):
 PSYoungGen      total 75776K, used 75768K [0x000000076b780000, 0x0000000774b80000, 0x00000007c0000000)
  eden space 65024K, 100% used [0x000000076b780000,0x000000076f700000,0x000000076f700000)
  from space 10752K, 99% used [0x000000076f700000,0x000000077017e070,0x0000000770180000)
  to   space 10752K, 0% used [0x0000000774100000,0x0000000774100000,0x0000000774b80000)
 ParOldGen       total 173568K, used 6179K [0x00000006c2600000, 0x00000006ccf80000, 0x000000076b780000)
  object space 173568K, 3% used [0x00000006c2600000,0x00000006c2c08f58,0x00000006ccf80000)
 Metaspace       used 17012K, capacity 17448K, committed 17792K, reserved 1064960K
  class space    used 1939K, capacity 2053K, committed 2176K, reserved 1048576K
Event: 5.439 GC heap after
Heap after GC invocations=4 (full 0):
 PSYoungGen      total 140800K, used 10728K [0x000000076b780000, 0x0000000774b80000, 0x00000007c0000000)
  eden space 130048K, 0% used [0x000000076b780000,0x000000076b780000,0x0000000773680000)
  from space 10752K, 99% used [0x0000000774100000,0x0000000774b7a060,0x0000000774b80000)
  to   space 10752K, 0% used [0x0000000773680000,0x0000000773680000,0x0000000774100000)
 ParOldGen       total 173568K, used 13333K [0x00000006c2600000, 0x00000006ccf80000, 0x000000076b780000)
  object space 173568K, 7% used [0x00000006c2600000,0x00000006c3305618,0x00000006ccf80000)
 Metaspace       used 17012K, capacity 17448K, committed 17792K, reserved 1064960K
  class space    used 1939K, capacity 2053K, committed 2176K, reserved 1048576K
}
Event: 6.442 GC heap before
{Heap before GC invocations=5 (full 0):
 PSYoungGen      total 140800K, used 98236K [0x000000076b780000, 0x0000000774b80000, 0x00000007c0000000)
  eden space 130048K, 67% used [0x000000076b780000,0x0000000770cf5008,0x0000000773680000)
  from space 10752K, 99% used [0x0000000774100000,0x0000000774b7a060,0x0000000774b80000)
  to   space 10752K, 0% used [0x0000000773680000,0x0000000773680000,0x0000000774100000)
 ParOldGen       total 173568K, used 13333K [0x00000006c2600000, 0x00000006ccf80000, 0x000000076b780000)
  object space 173568K, 7% used [0x00000006c2600000,0x00000006c3305618,0x00000006ccf80000)
 Metaspace       used 20588K, capacity 21120K, committed 21248K, reserved 1069056K
  class space    used 2374K, capacity 2493K, committed 2560K, reserved 1048576K
Event: 6.458 GC heap after
Heap after GC invocations=5 (full 0):
 PSYoungGen      total 140800K, used 10743K [0x000000076b780000, 0x000000077de80000, 0x00000007c0000000)
  eden space 130048K, 0% used [0x000000076b780000,0x000000076b780000,0x0000000773680000)
  from space 10752K, 99% used [0x0000000773680000,0x00000007740fdd80,0x0000000774100000)
  to   space 20992K, 0% used [0x000000077ca00000,0x000000077ca00000,0x000000077de80000)
 ParOldGen       total 173568K, used 18386K [0x00000006c2600000, 0x00000006ccf80000, 0x000000076b780000)
  object space 173568K, 10% used [0x00000006c2600000,0x00000006c37f4b68,0x00000006ccf80000)
 Metaspace       used 20588K, capacity 21120K, committed 21248K, reserved 1069056K
  class space    used 2374K, capacity 2493K, committed 2560K, reserved 1048576K
}
Event: 6.458 GC heap before
{Heap before GC invocations=6 (full 1):
 PSYoungGen      total 140800K, used 10743K [0x000000076b780000, 0x000000077de80000, 0x00000007c0000000)
  eden space 130048K, 0% used [0x000000076b780000,0x000000076b780000,0x0000000773680000)
  from space 10752K, 99% used [0x0000000773680000,0x00000007740fdd80,0x0000000774100000)
  to   space 20992K, 0% used [0x000000077ca00000,0x000000077ca00000,0x000000077de80000)
 ParOldGen       total 173568K, used 18386K [0x00000006c2600000, 0x00000006ccf80000, 0x000000076b780000)
  object space 173568K, 10% used [0x00000006c2600000,0x00000006c37f4b68,0x00000006ccf80000)
 Metaspace       used 20588K, capacity 21120K, committed 21248K, reserved 1069056K
  class space    used 2374K, capacity 2493K, committed 2560K, reserved 1048576K
Event: 6.585 GC heap after
Heap after GC invocations=6 (full 1):
 PSYoungGen      total 140800K, used 0K [0x000000076b780000, 0x000000077de80000, 0x00000007c0000000)
  eden space 130048K, 0% used [0x000000076b780000,0x000000076b780000,0x0000000773680000)
  from space 10752K, 0% used [0x0000000773680000,0x0000000773680000,0x0000000774100000)
  to   space 20992K, 0% used [0x000000077ca00000,0x000000077ca00000,0x000000077de80000)
 ParOldGen       total 135680K, used 26938K [0x00000006c2600000, 0x00000006caa80000, 0x000000076b780000)
  object space 135680K, 19% used [0x00000006c2600000,0x00000006c404e820,0x00000006caa80000)
 Metaspace       used 20588K, capacity 21120K, committed 21248K, reserved 1069056K
  class space    used 2374K, capacity 2493K, committed 2560K, reserved 1048576K
}
Event: 8.625 GC heap before
{Heap before GC invocations=7 (full 1):
 PSYoungGen      total 140800K, used 130048K [0x000000076b780000, 0x000000077de80000, 0x00000007c0000000)
  eden space 130048K, 100% used [0x000000076b780000,0x0000000773680000,0x0000000773680000)
  from space 10752K, 0% used [0x0000000773680000,0x0000000773680000,0x0000000774100000)
  to   space 20992K, 0% used [0x000000077ca00000,0x000000077ca00000,0x000000077de80000)
 ParOldGen       total 135680K, used 26938K [0x00000006c2600000, 0x00000006caa80000, 0x000000076b780000)
  object space 135680K, 19% used [0x00000006c2600000,0x00000006c404e820,0x00000006caa80000)
 Metaspace       used 24220K, capacity 24868K, committed 24960K, reserved 1071104K
  class space    used 2760K, capacity 2889K, committed 2944K, reserved 1048576K
Event: 8.652 GC heap after
Heap after GC invocations=7 (full 1):
 PSYoungGen      total 210432K, used 20980K [0x000000076b780000, 0x000000077de80000, 0x00000007c0000000)
  eden space 189440K, 0% used [0x000000076b780000,0x000000076b780000,0x0000000777080000)
  from space 20992K, 99% used [0x000000077ca00000,0x000000077de7d0f0,0x000000077de80000)
  to   space 26112K, 0% used [0x000000077ab80000,0x000000077ab80000,0x000000077c500000)
 ParOldGen       total 135680K, used 31378K [0x00000006c2600000, 0x00000006caa80000, 0x000000076b780000)
  object space 135680K, 23% used [0x00000006c2600000,0x00000006c44a4858,0x00000006caa80000)
 Metaspace       used 24220K, capacity 24868K, committed 24960K, reserved 1071104K
  class space    used 2760K, capacity 2889K, committed 2944K, reserved 1048576K
}

Deoptimization events (10 events):
Event: 8.658 Thread 0x00000000032e2800 Uncommon trap: reason=class_check action=maybe_recompile pc=0x0000000003778dac method=java.util.zip.InflaterInputStream.read([BII)I @ 100
Event: 8.658 Thread 0x00000000032e2800 Uncommon trap: reason=unstable_if action=reinterpret pc=0x00000000043a55d0 method=java.io.PushbackInputStream.read([BII)I @ 60
Event: 8.658 Thread 0x00000000032e2800 Uncommon trap: reason=unstable_if action=reinterpret pc=0x00000000043a9124 method=java.io.PushbackInputStream.read([BII)I @ 60
Event: 8.658 Thread 0x00000000032e2800 Uncommon trap: reason=class_check action=maybe_recompile pc=0x0000000003778dac method=java.util.zip.InflaterInputStream.read([BII)I @ 100
Event: 8.658 Thread 0x00000000032e2800 Uncommon trap: reason=class_check action=maybe_recompile pc=0x0000000003778dac method=java.util.zip.InflaterInputStream.read([BII)I @ 100
Event: 8.658 Thread 0x00000000032e2800 Uncommon trap: reason=class_check action=maybe_recompile pc=0x0000000003778dac method=java.util.zip.InflaterInputStream.read([BII)I @ 100
Event: 8.955 Thread 0x00000000032e2800 Uncommon trap: reason=class_check action=maybe_recompile pc=0x0000000004455604 method=lombok.javac.JavacNode.traverse(Llombok/javac/JavacASTVisitor;)V @ 153
Event: 8.966 Thread 0x00000000032e2800 Uncommon trap: reason=class_check action=maybe_recompile pc=0x000000000445564c method=lombok.javac.JavacNode.traverse(Llombok/javac/JavacASTVisitor;)V @ 369
Event: 8.966 Thread 0x00000000032e2800 Uncommon trap: reason=class_check action=maybe_recompile pc=0x0000000004455604 method=lombok.javac.JavacNode.traverse(Llombok/javac/JavacASTVisitor;)V @ 153
Event: 8.966 Thread 0x00000000032e2800 Uncommon trap: reason=class_check action=maybe_recompile pc=0x0000000004455604 method=lombok.javac.JavacNode.traverse(Llombok/javac/JavacASTVisitor;)V @ 153

Classes redefined (0 events):
No events

Internal exceptions (10 events):
Event: 4.113 Thread 0x00000000032e2800 Implicit null exception at 0x0000000003b7df84 to 0x0000000003b7f33d
Event: 4.480 Thread 0x00000000032e2800 Implicit null exception at 0x0000000003ccfa28 to 0x0000000003ccff79
Event: 5.509 Thread 0x00000000032e2800 Implicit null exception at 0x00000000037dbd15 to 0x00000000037dbf39
Event: 5.511 Thread 0x00000000032e2800 Implicit null exception at 0x000000000375762f to 0x0000000003757699
Event: 6.009 Thread 0x00000000032e2800 Implicit null exception at 0x0000000003e460d7 to 0x0000000003e46511
Event: 6.362 Thread 0x00000000032e2800 Exception <a 'java/lang/ClassNotFoundException': com/sun/tools/javac/api/JavacTool> (0x0000000770407238) thrown at [C:\ws\89P\Corretto8Src\installers\windows\zip\corretto-build\buildRoot\src\hotspot\src\share\vm\classfile\systemDictionary.cpp, line 215]
Event: 6.936 Thread 0x00000000032e2800 Exception <a 'java/io/FileNotFoundException'> (0x000000076d77db98) thrown at [C:\ws\89P\Corretto8Src\installers\windows\zip\corretto-build\buildRoot\src\hotspot\src\share\vm\prims\jni.cpp, line 711]
Event: 6.939 Thread 0x00000000032e2800 Exception <a 'java/io/FileNotFoundException'> (0x000000076d7b7d50) thrown at [C:\ws\89P\Corretto8Src\installers\windows\zip\corretto-build\buildRoot\src\hotspot\src\share\vm\prims\jni.cpp, line 711]
Event: 8.514 Thread 0x00000000032e2800 Implicit null exception at 0x0000000003bc66f3 to 0x0000000003bc6b39
Event: 8.520 Thread 0x00000000032e2800 Implicit null exception at 0x0000000003b44c55 to 0x0000000003b44e71

Events (10 events):
Event: 9.334 loading class java/util/regex/Pattern$SingleI
Event: 9.334 loading class java/util/regex/Pattern$SingleI done
Event: 9.448 loading class java/util/regex/Pattern$Loop
Event: 9.448 loading class java/util/regex/Pattern$Loop done
Event: 9.448 loading class java/util/regex/Pattern$Prolog
Event: 9.448 loading class java/util/regex/Pattern$Prolog done
Event: 9.450 loading class sun/reflect/UnsafeQualifiedObjectFieldAccessorImpl
Event: 9.452 loading class sun/reflect/UnsafeQualifiedFieldAccessorImpl
Event: 9.454 loading class sun/reflect/UnsafeQualifiedFieldAccessorImpl done
Event: 9.454 loading class sun/reflect/UnsafeQualifiedObjectFieldAccessorImpl done


Dynamic libraries:
0x00007ff721930000 - 0x00007ff721965000 	C:\Users\hp\.jdks\corretto-1.8.0_265\bin\java.exe
0x00007ffa4baf0000 - 0x00007ffa4bce5000 	C:\WINDOWS\SYSTEM32\ntdll.dll
0x00007ffa49b60000 - 0x00007ffa49c1d000 	C:\WINDOWS\System32\KERNEL32.DLL
0x00007ffa49590000 - 0x00007ffa49859000 	C:\WINDOWS\System32\KERNELBASE.dll
0x00007ffa4aea0000 - 0x00007ffa4af4c000 	C:\WINDOWS\System32\ADVAPI32.dll
0x00007ffa4ba10000 - 0x00007ffa4baae000 	C:\WINDOWS\System32\msvcrt.dll
0x00007ffa4b140000 - 0x00007ffa4b1db000 	C:\WINDOWS\System32\sechost.dll
0x00007ffa4af50000 - 0x00007ffa4b07a000 	C:\WINDOWS\System32\RPCRT4.dll
0x00007ffa4b840000 - 0x00007ffa4b9e0000 	C:\WINDOWS\System32\USER32.dll
0x00007ffa49940000 - 0x00007ffa49962000 	C:\WINDOWS\System32\win32u.dll
0x00007ffa4ae70000 - 0x00007ffa4ae9a000 	C:\WINDOWS\System32\GDI32.dll
0x00007ffa492d0000 - 0x00007ffa493db000 	C:\WINDOWS\System32\gdi32full.dll
0x00007ffa49230000 - 0x00007ffa492cd000 	C:\WINDOWS\System32\msvcp_win.dll
0x00007ffa493e0000 - 0x00007ffa494e0000 	C:\WINDOWS\System32\ucrtbase.dll
0x00007ffa31090000 - 0x00007ffa3132a000 	C:\WINDOWS\WinSxS\amd64_microsoft.windows.common-controls_6595b64144ccf1df_6.0.19041.1110_none_60b5254171f9507e\COMCTL32.dll
0x00007ffa4b9e0000 - 0x00007ffa4ba10000 	C:\WINDOWS\System32\IMM32.DLL
0x00000000610c0000 - 0x0000000061192000 	C:\Users\hp\.jdks\corretto-1.8.0_265\jre\bin\msvcr100.dll
0x0000000060800000 - 0x00000000610ba000 	C:\Users\hp\.jdks\corretto-1.8.0_265\jre\bin\server\jvm.dll
0x00007ffa4ab50000 - 0x00007ffa4ab58000 	C:\WINDOWS\System32\PSAPI.DLL
0x00007ffa44830000 - 0x00007ffa44839000 	C:\WINDOWS\SYSTEM32\WSOCK32.dll
0x00007ffa314e0000 - 0x00007ffa31507000 	C:\WINDOWS\SYSTEM32\WINMM.dll
0x00007ffa4ac30000 - 0x00007ffa4ac9b000 	C:\WINDOWS\System32\WS2_32.dll
0x00007ffa414b0000 - 0x00007ffa414ba000 	C:\WINDOWS\SYSTEM32\VERSION.dll
0x00007ffa431c0000 - 0x00007ffa431cf000 	C:\Users\hp\.jdks\corretto-1.8.0_265\jre\bin\verify.dll
0x00007ffa43150000 - 0x00007ffa43179000 	C:\Users\hp\.jdks\corretto-1.8.0_265\jre\bin\java.dll
0x00007ffa43120000 - 0x00007ffa43143000 	C:\Users\hp\.jdks\corretto-1.8.0_265\jre\bin\instrument.dll
0x00007ffa431a0000 - 0x00007ffa431b6000 	C:\Users\hp\.jdks\corretto-1.8.0_265\jre\bin\zip.dll
0x00007ffa4a040000 - 0x00007ffa4a77f000 	C:\WINDOWS\System32\SHELL32.dll
0x00007ffa47300000 - 0x00007ffa47a91000 	C:\WINDOWS\SYSTEM32\windows.storage.dll
0x00007ffa49c30000 - 0x00007ffa49f85000 	C:\WINDOWS\System32\combase.dll
0x00007ffa48ca0000 - 0x00007ffa48ccc000 	C:\WINDOWS\SYSTEM32\Wldp.dll
0x00007ffa49f90000 - 0x00007ffa4a03e000 	C:\WINDOWS\System32\SHCORE.dll
0x00007ffa4b1e0000 - 0x00007ffa4b235000 	C:\WINDOWS\System32\shlwapi.dll
0x00007ffa49170000 - 0x00007ffa4918f000 	C:\WINDOWS\SYSTEM32\profapi.dll
0x00007ffa43100000 - 0x00007ffa4311a000 	F:\IntelliJ IDEA 2020.1\bin\breakgen64.dll
0x00007ffa3dc00000 - 0x00007ffa3dc1a000 	C:\Users\hp\.jdks\corretto-1.8.0_265\jre\bin\net.dll
0x00007ffa489c0000 - 0x00007ffa48a2a000 	C:\WINDOWS\system32\mswsock.dll
0x00007ffa48bc0000 - 0x00007ffa48bd8000 	C:\WINDOWS\SYSTEM32\CRYPTSP.dll
0x00007ffa482f0000 - 0x00007ffa48324000 	C:\WINDOWS\system32\rsaenh.dll
0x00007ffa49860000 - 0x00007ffa49887000 	C:\WINDOWS\System32\bcrypt.dll
0x00007ffa49130000 - 0x00007ffa4915e000 	C:\WINDOWS\SYSTEM32\USERENV.dll
0x00007ffa49ad0000 - 0x00007ffa49b53000 	C:\WINDOWS\System32\bcryptprimitives.dll
0x00007ffa48be0000 - 0x00007ffa48bec000 	C:\WINDOWS\SYSTEM32\CRYPTBASE.dll
0x00007ffa48670000 - 0x00007ffa486ab000 	C:\WINDOWS\SYSTEM32\IPHLPAPI.DLL
0x00007ffa49c20000 - 0x00007ffa49c28000 	C:\WINDOWS\System32\NSI.dll
0x00007ffa44a10000 - 0x00007ffa44a27000 	C:\WINDOWS\SYSTEM32\dhcpcsvc6.DLL
0x00007ffa449f0000 - 0x00007ffa44a0d000 	C:\WINDOWS\SYSTEM32\dhcpcsvc.DLL
0x00007ffa486c0000 - 0x00007ffa4878c000 	C:\WINDOWS\SYSTEM32\DNSAPI.dll
0x00007ffa34ad0000 - 0x00007ffa34ae2000 	C:\Users\hp\.jdks\corretto-1.8.0_265\jre\bin\nio.dll
0x00007ffa43180000 - 0x00007ffa4318a000 	C:\Users\hp\AppData\Local\Temp\jansi-1.17.1-4945415814266477855.dll
0x00007ffa418a0000 - 0x00007ffa418aa000 	C:\Users\hp\AppData\Local\Temp\jansi-1.17.1-4835183845932146047.dll

VM Arguments:
jvm_args: -Dmaven.multiModuleProjectDirectory=C:\Users\hp\IdeaProjects\online-exams\online-exam -Dmaven.home=D:\Maven\apache-maven-3.6.3 -Dclassworlds.conf=D:\Maven\apache-maven-3.6.3\bin\m2.conf -Dmaven.ext.class.path=F:\IntelliJ IDEA 2020.1\plugins\maven\lib\maven-event-listener.jar -javaagent:F:\IntelliJ IDEA 2020.1\lib\idea_rt.jar=50183:F:\IntelliJ IDEA 2020.1\bin -Dfile.encoding=UTF-8 
java_command: org.codehaus.classworlds.Launcher -Didea.version2020.1 -s D:\Maven\apache-maven-3.6.3\conf\settings.xml -Dmaven.repo.local=D:\repository -DskipTests=true package
java_class_path (initial): D:\Maven\apache-maven-3.6.3\boot\plexus-classworlds-2.6.0.jar;D:\Maven\apache-maven-3.6.3\boot\plexus-classworlds.license;F:\IntelliJ IDEA 2020.1\lib\idea_rt.jar
Launcher Type: SUN_STANDARD

Environment Variables:
JAVA_HOME=D:\Java
CLASSPATH= .;D:\Java\lib;D:\Java\lib\tools.jar;
PATH=.;D:\Java\jre\;D:\Java\bin\;C:\Program Files (x86)\Common Files\Oracle\Java\javapath;C:\windows\system32;C:\windows;C:\windows\System32\Wbem;C:\windows\System32\WindowsPowerShell\v1.0\;C:\windows\System32\OpenSSH\;C:\Program Files (x86)\NVIDIA Corporation\PhysX\Common;C:\Program Files\NVIDIA Corporation\NVIDIA NvDLISR;C:\Program Files\MySQL\MySQL Server 8.0\bin;C:\Program Files\MySQL\MySQL Server 5.5\bin;D:\Git\cmd;D:\SSH\bin;D:\;D:\Nodejs\;C:\WINDOWS\system32;C:\WINDOWS;C:\WINDOWS\System32\Wbem;C:\WINDOWS\System32\WindowsPowerShell\v1.0\;C:\WINDOWS\System32\OpenSSH\;C:\Users\hp\AppData\Local\Microsoft\WindowsApps;F:\IntelliJ IDEA 2020.1\bin;;D:\Maven\apache-maven-3.6.3\bin;C:\Users\hp\AppData\Roaming\npm;E:\360downloads\
USERNAME=hp
OS=Windows_NT
PROCESSOR_IDENTIFIER=Intel64 Family 6 Model 158 Stepping 10, GenuineIntel



---------------  S Y S T E M  ---------------

OS: Windows 10.0 , 64 bit Build 19041 (10.0.19041.1023)

CPU:total 4 (initial active 4) (6 cores per cpu, 2 threads per core) family 6 model 158 stepping 10, cmov, cx8, fxsr, mmx, sse, sse2, sse3, ssse3, sse4.1, sse4.2, popcnt, avx, avx2, aes, clmul, erms, 3dnowpref, lzcnt, ht, tsc, tscinvbit, bmi1, bmi2, adx

Memory: 4k page, physical 16613560k(3621588k free), swap 39306448k(4024k free)

vm_info: OpenJDK 64-Bit Server VM (25.265-b01) for windows-amd64 JRE (1.8.0_265-b01), built on Jul 28 2020 21:14:30 by "Administrator" with MS VC++ 10.0 (VS2010)

time: Thu Aug 05 17:11:25 2021
timezone: 中国标准时间
elapsed time: 9 seconds (0d 0h 0m 9s)

